<?xml version="1.0" encoding="UTF-8"?>
<!-- Generated by org.testng.reporters.JUnitReportReporter -->
<testsuite hostname="Rishabhs-MacBook-Air.local" failures="0" tests="4" name="TestCases.TC_002" time="201.524" errors="0" timestamp="2025-04-25T02:15:58 IST" skipped="0">
  <testcase classname="TestCases.TC_002" name="CoockiesPopupAccept" time="5.086"/>
  <testcase classname="TestCases.TC_002" name="ClickingLoginCTA" time="72.617"/>
  <testcase classname="TestCases.TC_002" name="RepeatCoockiesPopupAccept" time="5.078"/>
  <testcase classname="TestCases.TC_002" name="LFieldValidation" time="118.743"/>
</testsuite> <!-- TestCases.TC_002 -->
