<?xml version="1.0" encoding="UTF-8"?>
<!-- Generated by org.testng.reporters.JUnitReportReporter -->
<testsuite hostname="Rishabhs-MacBook-Air.local" failures="0" tests="4" name="TestCases.TC_001" time="110.035" errors="0" timestamp="2025-04-25T02:15:58 IST" skipped="0">
  <testcase classname="TestCases.TC_001" name="CoockiesPopupAccept" time="5.067"/>
  <testcase classname="TestCases.TC_001" name="ClickingRegistrationCTA" time="72.132"/>
  <testcase classname="TestCases.TC_001" name="RepeatCoockiesPopupAccept" time="5.080"/>
  <testcase classname="TestCases.TC_001" name="RFieldValidation" time="27.756"/>
</testsuite> <!-- TestCases.TC_001 -->
