<?xml version="1.0" encoding="UTF-8"?>
<!-- Generated by org.testng.reporters.JUnitReportReporter -->
<testsuite hostname="Rishabhs-MacBook-Air.local" failures="0" tests="4" name="TestCases.TC_003" time="125.989" errors="0" timestamp="2025-04-25T16:05:50 IST" skipped="0">
  <testcase classname="TestCases.TC_003" name="CoockiesPopupAccept" time="5.089"/>
  <testcase classname="TestCases.TC_003" name="ClickingRegistrationCTA" time="89.160"/>
  <testcase classname="TestCases.TC_003" name="RepeatCoockiesPopupAccept" time="5.062"/>
  <testcase classname="TestCases.TC_003" name="RFieldValidation" time="26.678"/>
</testsuite> <!-- TestCases.TC_003 -->
